Analysis & Synthesis report for top
Tue Mar 24 20:34:56 2020
Quartus Prime Version 19.1.0 Build 670 09/22/2019 SJ Lite Edition


---------------------
; Table of Contents ;
---------------------
  1. Legal Notice
  2. Analysis & Synthesis Summary
  3. Analysis & Synthesis Settings
  4. Parallel Compilation
  5. Analysis & Synthesis Source Files Read
  6. Analysis & Synthesis Resource Usage Summary
  7. Analysis & Synthesis Resource Utilization by Entity
  8. Analysis & Synthesis RAM Summary
  9. Analysis & Synthesis IP Cores Summary
 10. General Register Statistics
 11. Multiplexer Restructuring Statistics (Restructuring Performed)
 12. Source assignments for screen_rom:screen|altsyncram:altsyncram_component|altsyncram_e8a1:auto_generated
 13. Parameter Settings for User Entity Instance: pixel_pll:pll|altpll:altpll_component
 14. Parameter Settings for User Entity Instance: screen_rom:screen|altsyncram:altsyncram_component
 15. altpll Parameter Settings by Entity Instance
 16. altsyncram Parameter Settings by Entity Instance
 17. Port Connectivity Checks: "screen_rom:screen"
 18. Port Connectivity Checks: "pixel_pll:pll"
 19. Post-Synthesis Netlist Statistics for Top Partition
 20. Elapsed Time Per Partition
 21. Analysis & Synthesis Messages



----------------
; Legal Notice ;
----------------
Copyright (C) 2019  Intel Corporation. All rights reserved.
Your use of Intel Corporation's design tools, logic functions 
and other software and tools, and any partner logic 
functions, and any output files from any of the foregoing 
(including device programming or simulation files), and any 
associated documentation or information are expressly subject 
to the terms and conditions of the Intel Program License 
Subscription Agreement, the Intel Quartus Prime License Agreement,
the Intel FPGA IP License Agreement, or other applicable license
agreement, including, without limitation, that your use is for
the sole purpose of programming logic devices manufactured by
Intel and sold by Intel or its authorized distributors.  Please
refer to the applicable agreement for further details, at
https://fpgasoftware.intel.com/eula.



+----------------------------------------------------------------------------------+
; Analysis & Synthesis Summary                                                     ;
+------------------------------------+---------------------------------------------+
; Analysis & Synthesis Status        ; Successful - Tue Mar 24 20:34:56 2020       ;
; Quartus Prime Version              ; 19.1.0 Build 670 09/22/2019 SJ Lite Edition ;
; Revision Name                      ; top                                         ;
; Top-level Entity Name              ; top                                         ;
; Family                             ; MAX 10                                      ;
; Total logic elements               ; 206                                         ;
;     Total combinational functions  ; 203                                         ;
;     Dedicated logic registers      ; 72                                          ;
; Total registers                    ; 72                                          ;
; Total pins                         ; 6                                           ;
; Total virtual pins                 ; 0                                           ;
; Total memory bits                  ; 320,000                                     ;
; Embedded Multiplier 9-bit elements ; 0                                           ;
; Total PLLs                         ; 1                                           ;
; UFM blocks                         ; 0                                           ;
; ADC blocks                         ; 0                                           ;
+------------------------------------+---------------------------------------------+


+------------------------------------------------------------------------------------------------------------+
; Analysis & Synthesis Settings                                                                              ;
+------------------------------------------------------------------+--------------------+--------------------+
; Option                                                           ; Setting            ; Default Value      ;
+------------------------------------------------------------------+--------------------+--------------------+
; Device                                                           ; 10M08SAU169C8G     ;                    ;
; Top-level entity name                                            ; top                ; top                ;
; Family name                                                      ; MAX 10             ; Cyclone V          ;
; Use smart compilation                                            ; Off                ; Off                ;
; Enable parallel Assembler and Timing Analyzer during compilation ; On                 ; On                 ;
; Enable compact report table                                      ; Off                ; Off                ;
; Restructure Multiplexers                                         ; Auto               ; Auto               ;
; Create Debugging Nodes for IP Cores                              ; Off                ; Off                ;
; Preserve fewer node names                                        ; On                 ; On                 ;
; Intel FPGA IP Evaluation Mode                                    ; Enable             ; Enable             ;
; Verilog Version                                                  ; Verilog_2001       ; Verilog_2001       ;
; VHDL Version                                                     ; VHDL_1993          ; VHDL_1993          ;
; State Machine Processing                                         ; Auto               ; Auto               ;
; Safe State Machine                                               ; Off                ; Off                ;
; Extract Verilog State Machines                                   ; On                 ; On                 ;
; Extract VHDL State Machines                                      ; On                 ; On                 ;
; Ignore Verilog initial constructs                                ; Off                ; Off                ;
; Iteration limit for constant Verilog loops                       ; 5000               ; 5000               ;
; Iteration limit for non-constant Verilog loops                   ; 250                ; 250                ;
; Add Pass-Through Logic to Inferred RAMs                          ; On                 ; On                 ;
; Infer RAMs from Raw Logic                                        ; On                 ; On                 ;
; Parallel Synthesis                                               ; On                 ; On                 ;
; DSP Block Balancing                                              ; Auto               ; Auto               ;
; NOT Gate Push-Back                                               ; On                 ; On                 ;
; Power-Up Don't Care                                              ; On                 ; On                 ;
; Remove Redundant Logic Cells                                     ; Off                ; Off                ;
; Remove Duplicate Registers                                       ; On                 ; On                 ;
; Ignore CARRY Buffers                                             ; Off                ; Off                ;
; Ignore CASCADE Buffers                                           ; Off                ; Off                ;
; Ignore GLOBAL Buffers                                            ; Off                ; Off                ;
; Ignore ROW GLOBAL Buffers                                        ; Off                ; Off                ;
; Ignore LCELL Buffers                                             ; Off                ; Off                ;
; Ignore SOFT Buffers                                              ; On                 ; On                 ;
; Limit AHDL Integers to 32 Bits                                   ; Off                ; Off                ;
; Optimization Technique                                           ; Balanced           ; Balanced           ;
; Carry Chain Length                                               ; 70                 ; 70                 ;
; Auto Carry Chains                                                ; On                 ; On                 ;
; Auto Open-Drain Pins                                             ; On                 ; On                 ;
; Perform WYSIWYG Primitive Resynthesis                            ; Off                ; Off                ;
; Auto ROM Replacement                                             ; On                 ; On                 ;
; Auto RAM Replacement                                             ; On                 ; On                 ;
; Auto DSP Block Replacement                                       ; On                 ; On                 ;
; Auto Shift Register Replacement                                  ; Auto               ; Auto               ;
; Allow Shift Register Merging across Hierarchies                  ; Auto               ; Auto               ;
; Auto Clock Enable Replacement                                    ; On                 ; On                 ;
; Strict RAM Replacement                                           ; Off                ; Off                ;
; Allow Synchronous Control Signals                                ; On                 ; On                 ;
; Force Use of Synchronous Clear Signals                           ; Off                ; Off                ;
; Auto RAM Block Balancing                                         ; On                 ; On                 ;
; Auto RAM to Logic Cell Conversion                                ; Off                ; Off                ;
; Auto Resource Sharing                                            ; Off                ; Off                ;
; Allow Any RAM Size For Recognition                               ; Off                ; Off                ;
; Allow Any ROM Size For Recognition                               ; Off                ; Off                ;
; Allow Any Shift Register Size For Recognition                    ; Off                ; Off                ;
; Use LogicLock Constraints during Resource Balancing              ; On                 ; On                 ;
; Ignore translate_off and synthesis_off directives                ; Off                ; Off                ;
; Timing-Driven Synthesis                                          ; On                 ; On                 ;
; Report Parameter Settings                                        ; On                 ; On                 ;
; Report Source Assignments                                        ; On                 ; On                 ;
; Report Connectivity Checks                                       ; On                 ; On                 ;
; Ignore Maximum Fan-Out Assignments                               ; Off                ; Off                ;
; Synchronization Register Chain Length                            ; 2                  ; 2                  ;
; Power Optimization During Synthesis                              ; Normal compilation ; Normal compilation ;
; HDL message level                                                ; Level2             ; Level2             ;
; Suppress Register Optimization Related Messages                  ; Off                ; Off                ;
; Number of Removed Registers Reported in Synthesis Report         ; 5000               ; 5000               ;
; Number of Swept Nodes Reported in Synthesis Report               ; 5000               ; 5000               ;
; Number of Inverted Registers Reported in Synthesis Report        ; 100                ; 100                ;
; Clock MUX Protection                                             ; On                 ; On                 ;
; Auto Gated Clock Conversion                                      ; Off                ; Off                ;
; Block Design Naming                                              ; Auto               ; Auto               ;
; SDC constraint protection                                        ; Off                ; Off                ;
; Synthesis Effort                                                 ; Auto               ; Auto               ;
; Shift Register Replacement - Allow Asynchronous Clear Signal     ; On                 ; On                 ;
; Pre-Mapping Resynthesis Optimization                             ; Off                ; Off                ;
; Analysis & Synthesis Message Level                               ; Medium             ; Medium             ;
; Disable Register Merging Across Hierarchies                      ; Auto               ; Auto               ;
; Resource Aware Inference For Block RAM                           ; On                 ; On                 ;
+------------------------------------------------------------------+--------------------+--------------------+


+------------------------------------------+
; Parallel Compilation                     ;
+----------------------------+-------------+
; Processors                 ; Number      ;
+----------------------------+-------------+
; Number detected on machine ; 8           ;
; Maximum allowed            ; 4           ;
;                            ;             ;
; Average used               ; 1.00        ;
; Maximum used               ; 4           ;
;                            ;             ;
; Usage by Processor         ; % Time Used ;
;     Processor 1            ; 100.0%      ;
;     Processor 2            ;   0.0%      ;
;     Processors 3-4         ;   0.0%      ;
+----------------------------+-------------+


+-----------------------------------------------------------------------------------------------------------------------------------------------------------------------------------------------+
; Analysis & Synthesis Source Files Read                                                                                                                                                        ;
+----------------------------------+-----------------+----------------------------------------+---------------------------------------------------------------------------------------+---------+
; File Name with User-Entered Path ; Used in Netlist ; File Type                              ; File Name with Absolute Path                                                          ; Library ;
+----------------------------------+-----------------+----------------------------------------+---------------------------------------------------------------------------------------+---------+
; top.v                            ; yes             ; User Verilog HDL File                  ; /home/colin/Development/fpga/blinky/top.v                                             ;         ;
; pixel_pll.v                      ; yes             ; User Wizard-Generated File             ; /home/colin/Development/fpga/blinky/pixel_pll.v                                       ;         ;
; screen_rom.v                     ; yes             ; User Wizard-Generated File             ; /home/colin/Development/fpga/blinky/screen_rom.v                                      ;         ;
; altpll.tdf                       ; yes             ; Megafunction                           ; /home/colin/intelFPGA_lite/19.1/quartus/libraries/megafunctions/altpll.tdf            ;         ;
; aglobal191.inc                   ; yes             ; Megafunction                           ; /home/colin/intelFPGA_lite/19.1/quartus/libraries/megafunctions/aglobal191.inc        ;         ;
; stratix_pll.inc                  ; yes             ; Megafunction                           ; /home/colin/intelFPGA_lite/19.1/quartus/libraries/megafunctions/stratix_pll.inc       ;         ;
; stratixii_pll.inc                ; yes             ; Megafunction                           ; /home/colin/intelFPGA_lite/19.1/quartus/libraries/megafunctions/stratixii_pll.inc     ;         ;
; cycloneii_pll.inc                ; yes             ; Megafunction                           ; /home/colin/intelFPGA_lite/19.1/quartus/libraries/megafunctions/cycloneii_pll.inc     ;         ;
; db/pixel_pll_altpll.v            ; yes             ; Auto-Generated Megafunction            ; /home/colin/Development/fpga/blinky/db/pixel_pll_altpll.v                             ;         ;
; altsyncram.tdf                   ; yes             ; Megafunction                           ; /home/colin/intelFPGA_lite/19.1/quartus/libraries/megafunctions/altsyncram.tdf        ;         ;
; stratix_ram_block.inc            ; yes             ; Megafunction                           ; /home/colin/intelFPGA_lite/19.1/quartus/libraries/megafunctions/stratix_ram_block.inc ;         ;
; lpm_mux.inc                      ; yes             ; Megafunction                           ; /home/colin/intelFPGA_lite/19.1/quartus/libraries/megafunctions/lpm_mux.inc           ;         ;
; lpm_decode.inc                   ; yes             ; Megafunction                           ; /home/colin/intelFPGA_lite/19.1/quartus/libraries/megafunctions/lpm_decode.inc        ;         ;
; a_rdenreg.inc                    ; yes             ; Megafunction                           ; /home/colin/intelFPGA_lite/19.1/quartus/libraries/megafunctions/a_rdenreg.inc         ;         ;
; altrom.inc                       ; yes             ; Megafunction                           ; /home/colin/intelFPGA_lite/19.1/quartus/libraries/megafunctions/altrom.inc            ;         ;
; altram.inc                       ; yes             ; Megafunction                           ; /home/colin/intelFPGA_lite/19.1/quartus/libraries/megafunctions/altram.inc            ;         ;
; altdpram.inc                     ; yes             ; Megafunction                           ; /home/colin/intelFPGA_lite/19.1/quartus/libraries/megafunctions/altdpram.inc          ;         ;
; db/altsyncram_e8a1.tdf           ; yes             ; Auto-Generated Megafunction            ; /home/colin/Development/fpga/blinky/db/altsyncram_e8a1.tdf                            ;         ;
; ../../python/vga_fpga/out.hex    ; yes             ; Auto-Found Memory Initialization File  ; /home/colin/Development/python/vga_fpga/out.hex                                       ;         ;
; db/decode_7j9.tdf                ; yes             ; Auto-Generated Megafunction            ; /home/colin/Development/fpga/blinky/db/decode_7j9.tdf                                 ;         ;
; db/mux_u1b.tdf                   ; yes             ; Auto-Generated Megafunction            ; /home/colin/Development/fpga/blinky/db/mux_u1b.tdf                                    ;         ;
+----------------------------------+-----------------+----------------------------------------+---------------------------------------------------------------------------------------+---------+


+--------------------------------------------------------------------------------------------------------------------------------------+
; Analysis & Synthesis Resource Usage Summary                                                                                          ;
+---------------------------------------------+----------------------------------------------------------------------------------------+
; Resource                                    ; Usage                                                                                  ;
+---------------------------------------------+----------------------------------------------------------------------------------------+
; Estimated Total logic elements              ; 206                                                                                    ;
;                                             ;                                                                                        ;
; Total combinational functions               ; 203                                                                                    ;
; Logic element usage by number of LUT inputs ;                                                                                        ;
;     -- 4 input functions                    ; 54                                                                                     ;
;     -- 3 input functions                    ; 60                                                                                     ;
;     -- <=2 input functions                  ; 89                                                                                     ;
;                                             ;                                                                                        ;
; Logic elements by mode                      ;                                                                                        ;
;     -- normal mode                          ; 106                                                                                    ;
;     -- arithmetic mode                      ; 97                                                                                     ;
;                                             ;                                                                                        ;
; Total registers                             ; 72                                                                                     ;
;     -- Dedicated logic registers            ; 72                                                                                     ;
;     -- I/O registers                        ; 0                                                                                      ;
;                                             ;                                                                                        ;
; I/O pins                                    ; 6                                                                                      ;
; Total memory bits                           ; 320000                                                                                 ;
;                                             ;                                                                                        ;
; Embedded Multiplier 9-bit elements          ; 0                                                                                      ;
;                                             ;                                                                                        ;
; Total PLLs                                  ; 1                                                                                      ;
;     -- PLLs                                 ; 1                                                                                      ;
;                                             ;                                                                                        ;
; Maximum fan-out node                        ; pixel_pll:pll|altpll:altpll_component|pixel_pll_altpll:auto_generated|wire_pll1_clk[0] ;
; Maximum fan-out                             ; 113                                                                                    ;
; Total fan-out                               ; 1366                                                                                   ;
; Average fan-out                             ; 4.16                                                                                   ;
+---------------------------------------------+----------------------------------------------------------------------------------------+


+--------------------------------------------------------------------------------------------------------------------------------------------------------------------------------------------------------------------------------------------------------------------------------------------------------------------------------------------------+
; Analysis & Synthesis Resource Utilization by Entity                                                                                                                                                                                                                                                                                              ;
+--------------------------------------------+---------------------+---------------------------+-------------+------------+--------------+---------+-----------+------+--------------+------------+--------------------------------------------------------------------------------------------------------------+------------------+--------------+
; Compilation Hierarchy Node                 ; Combinational ALUTs ; Dedicated Logic Registers ; Memory Bits ; UFM Blocks ; DSP Elements ; DSP 9x9 ; DSP 18x18 ; Pins ; Virtual Pins ; ADC blocks ; Full Hierarchy Name                                                                                          ; Entity Name      ; Library Name ;
+--------------------------------------------+---------------------+---------------------------+-------------+------------+--------------+---------+-----------+------+--------------+------------+--------------------------------------------------------------------------------------------------------------+------------------+--------------+
; |top                                       ; 203 (174)           ; 72 (66)                   ; 320000      ; 0          ; 0            ; 0       ; 0         ; 6    ; 0            ; 0          ; |top                                                                                                         ; top              ; work         ;
;    |pixel_pll:pll|                         ; 0 (0)               ; 0 (0)                     ; 0           ; 0          ; 0            ; 0       ; 0         ; 0    ; 0            ; 0          ; |top|pixel_pll:pll                                                                                           ; pixel_pll        ; work         ;
;       |altpll:altpll_component|            ; 0 (0)               ; 0 (0)                     ; 0           ; 0          ; 0            ; 0       ; 0         ; 0    ; 0            ; 0          ; |top|pixel_pll:pll|altpll:altpll_component                                                                   ; altpll           ; work         ;
;          |pixel_pll_altpll:auto_generated| ; 0 (0)               ; 0 (0)                     ; 0           ; 0          ; 0            ; 0       ; 0         ; 0    ; 0            ; 0          ; |top|pixel_pll:pll|altpll:altpll_component|pixel_pll_altpll:auto_generated                                   ; pixel_pll_altpll ; work         ;
;    |screen_rom:screen|                     ; 29 (0)              ; 6 (0)                     ; 320000      ; 0          ; 0            ; 0       ; 0         ; 0    ; 0            ; 0          ; |top|screen_rom:screen                                                                                       ; screen_rom       ; work         ;
;       |altsyncram:altsyncram_component|    ; 29 (0)              ; 6 (0)                     ; 320000      ; 0          ; 0            ; 0       ; 0         ; 0    ; 0            ; 0          ; |top|screen_rom:screen|altsyncram:altsyncram_component                                                       ; altsyncram       ; work         ;
;          |altsyncram_e8a1:auto_generated|  ; 29 (0)              ; 6 (6)                     ; 320000      ; 0          ; 0            ; 0       ; 0         ; 0    ; 0            ; 0          ; |top|screen_rom:screen|altsyncram:altsyncram_component|altsyncram_e8a1:auto_generated                        ; altsyncram_e8a1  ; work         ;
;             |decode_7j9:rden_decode|       ; 5 (5)               ; 0 (0)                     ; 0           ; 0          ; 0            ; 0       ; 0         ; 0    ; 0            ; 0          ; |top|screen_rom:screen|altsyncram:altsyncram_component|altsyncram_e8a1:auto_generated|decode_7j9:rden_decode ; decode_7j9       ; work         ;
;             |mux_u1b:mux2|                 ; 24 (24)             ; 0 (0)                     ; 0           ; 0          ; 0            ; 0       ; 0         ; 0    ; 0            ; 0          ; |top|screen_rom:screen|altsyncram:altsyncram_component|altsyncram_e8a1:auto_generated|mux_u1b:mux2           ; mux_u1b          ; work         ;
+--------------------------------------------+---------------------+---------------------------+-------------+------------+--------------+---------+-----------+------+--------------+------------+--------------------------------------------------------------------------------------------------------------+------------------+--------------+
Note: For table entries with two numbers listed, the numbers in parentheses indicate the number of resources of the given type used by the specific entity alone. The numbers listed outside of parentheses indicate the total resources of the given type used by the specific entity and all of its sub-entities in the hierarchy.


+----------------------------------------------------------------------------------------------------------------------------------------------------------------------------------------------------------------+
; Analysis & Synthesis RAM Summary                                                                                                                                                                               ;
+---------------------------------------------------------------------------------------------+------+------+--------------+--------------+--------------+--------------+--------+-------------------------------+
; Name                                                                                        ; Type ; Mode ; Port A Depth ; Port A Width ; Port B Depth ; Port B Width ; Size   ; MIF                           ;
+---------------------------------------------------------------------------------------------+------+------+--------------+--------------+--------------+--------------+--------+-------------------------------+
; screen_rom:screen|altsyncram:altsyncram_component|altsyncram_e8a1:auto_generated|ALTSYNCRAM ; AUTO ; ROM  ; 40000        ; 8            ; --           ; --           ; 320000 ; ../../python/vga_fpga/out.hex ;
+---------------------------------------------------------------------------------------------+------+------+--------------+--------------+--------------+--------------+--------+-------------------------------+


+----------------------------------------------------------------------------------------------------------+
; Analysis & Synthesis IP Cores Summary                                                                    ;
+--------+--------------+---------+--------------+--------------+------------------------+-----------------+
; Vendor ; IP Core Name ; Version ; Release Date ; License Type ; Entity Instance        ; IP Include File ;
+--------+--------------+---------+--------------+--------------+------------------------+-----------------+
; Altera ; ALTPLL       ; 19.1    ; N/A          ; N/A          ; |top|pixel_pll:pll     ; pixel_pll.v     ;
; Altera ; ROM: 1-PORT  ; 19.1    ; N/A          ; N/A          ; |top|screen_rom:screen ; screen_rom.v    ;
+--------+--------------+---------+--------------+--------------+------------------------+-----------------+


+------------------------------------------------------+
; General Register Statistics                          ;
+----------------------------------------------+-------+
; Statistic                                    ; Value ;
+----------------------------------------------+-------+
; Total registers                              ; 72    ;
; Number of registers using Synchronous Clear  ; 33    ;
; Number of registers using Synchronous Load   ; 0     ;
; Number of registers using Asynchronous Clear ; 0     ;
; Number of registers using Asynchronous Load  ; 0     ;
; Number of registers using Clock Enable       ; 5     ;
; Number of registers using Preset             ; 0     ;
+----------------------------------------------+-------+


+------------------------------------------------------------------------------------------------------------------------------------------+
; Multiplexer Restructuring Statistics (Restructuring Performed)                                                                           ;
+--------------------+-----------+---------------+----------------------+------------------------+------------+----------------------------+
; Multiplexer Inputs ; Bus Width ; Baseline Area ; Area if Restructured ; Saving if Restructured ; Registered ; Example Multiplexer Output ;
+--------------------+-----------+---------------+----------------------+------------------------+------------+----------------------------+
; 3:1                ; 33 bits   ; 66 LEs        ; 33 LEs               ; 33 LEs                 ; Yes        ; |top|v_line_count[16]      ;
+--------------------+-----------+---------------+----------------------+------------------------+------------+----------------------------+


+---------------------------------------------------------------------------------------------------------+
; Source assignments for screen_rom:screen|altsyncram:altsyncram_component|altsyncram_e8a1:auto_generated ;
+---------------------------------+--------------------+------+-------------------------------------------+
; Assignment                      ; Value              ; From ; To                                        ;
+---------------------------------+--------------------+------+-------------------------------------------+
; OPTIMIZE_POWER_DURING_SYNTHESIS ; NORMAL_COMPILATION ; -    ; -                                         ;
+---------------------------------+--------------------+------+-------------------------------------------+


+------------------------------------------------------------------------------------+
; Parameter Settings for User Entity Instance: pixel_pll:pll|altpll:altpll_component ;
+-------------------------------+-----------------------------+----------------------+
; Parameter Name                ; Value                       ; Type                 ;
+-------------------------------+-----------------------------+----------------------+
; OPERATION_MODE                ; NORMAL                      ; Untyped              ;
; PLL_TYPE                      ; AUTO                        ; Untyped              ;
; LPM_HINT                      ; CBX_MODULE_PREFIX=pixel_pll ; Untyped              ;
; QUALIFY_CONF_DONE             ; OFF                         ; Untyped              ;
; COMPENSATE_CLOCK              ; CLK0                        ; Untyped              ;
; SCAN_CHAIN                    ; LONG                        ; Untyped              ;
; PRIMARY_CLOCK                 ; INCLK0                      ; Untyped              ;
; INCLK0_INPUT_FREQUENCY        ; 83333                       ; Signed Integer       ;
; INCLK1_INPUT_FREQUENCY        ; 0                           ; Untyped              ;
; GATE_LOCK_SIGNAL              ; NO                          ; Untyped              ;
; GATE_LOCK_COUNTER             ; 0                           ; Untyped              ;
; LOCK_HIGH                     ; 1                           ; Untyped              ;
; LOCK_LOW                      ; 1                           ; Untyped              ;
; VALID_LOCK_MULTIPLIER         ; 1                           ; Untyped              ;
; INVALID_LOCK_MULTIPLIER       ; 5                           ; Untyped              ;
; SWITCH_OVER_ON_LOSSCLK        ; OFF                         ; Untyped              ;
; SWITCH_OVER_ON_GATED_LOCK     ; OFF                         ; Untyped              ;
; ENABLE_SWITCH_OVER_COUNTER    ; OFF                         ; Untyped              ;
; SKIP_VCO                      ; OFF                         ; Untyped              ;
; SWITCH_OVER_COUNTER           ; 0                           ; Untyped              ;
; SWITCH_OVER_TYPE              ; AUTO                        ; Untyped              ;
; FEEDBACK_SOURCE               ; EXTCLK0                     ; Untyped              ;
; BANDWIDTH                     ; 0                           ; Untyped              ;
; BANDWIDTH_TYPE                ; AUTO                        ; Untyped              ;
; SPREAD_FREQUENCY              ; 0                           ; Untyped              ;
; DOWN_SPREAD                   ; 0                           ; Untyped              ;
; SELF_RESET_ON_GATED_LOSS_LOCK ; OFF                         ; Untyped              ;
; SELF_RESET_ON_LOSS_LOCK       ; OFF                         ; Untyped              ;
; CLK9_MULTIPLY_BY              ; 0                           ; Untyped              ;
; CLK8_MULTIPLY_BY              ; 0                           ; Untyped              ;
; CLK7_MULTIPLY_BY              ; 0                           ; Untyped              ;
; CLK6_MULTIPLY_BY              ; 0                           ; Untyped              ;
; CLK5_MULTIPLY_BY              ; 1                           ; Untyped              ;
; CLK4_MULTIPLY_BY              ; 1                           ; Untyped              ;
; CLK3_MULTIPLY_BY              ; 1                           ; Untyped              ;
; CLK2_MULTIPLY_BY              ; 1                           ; Untyped              ;
; CLK1_MULTIPLY_BY              ; 1                           ; Untyped              ;
; CLK0_MULTIPLY_BY              ; 1007                        ; Signed Integer       ;
; CLK9_DIVIDE_BY                ; 0                           ; Untyped              ;
; CLK8_DIVIDE_BY                ; 0                           ; Untyped              ;
; CLK7_DIVIDE_BY                ; 0                           ; Untyped              ;
; CLK6_DIVIDE_BY                ; 0                           ; Untyped              ;
; CLK5_DIVIDE_BY                ; 1                           ; Untyped              ;
; CLK4_DIVIDE_BY                ; 1                           ; Untyped              ;
; CLK3_DIVIDE_BY                ; 1                           ; Untyped              ;
; CLK2_DIVIDE_BY                ; 1                           ; Untyped              ;
; CLK1_DIVIDE_BY                ; 1                           ; Untyped              ;
; CLK0_DIVIDE_BY                ; 480                         ; Signed Integer       ;
; CLK9_PHASE_SHIFT              ; 0                           ; Untyped              ;
; CLK8_PHASE_SHIFT              ; 0                           ; Untyped              ;
; CLK7_PHASE_SHIFT              ; 0                           ; Untyped              ;
; CLK6_PHASE_SHIFT              ; 0                           ; Untyped              ;
; CLK5_PHASE_SHIFT              ; 0                           ; Untyped              ;
; CLK4_PHASE_SHIFT              ; 0                           ; Untyped              ;
; CLK3_PHASE_SHIFT              ; 0                           ; Untyped              ;
; CLK2_PHASE_SHIFT              ; 0                           ; Untyped              ;
; CLK1_PHASE_SHIFT              ; 0                           ; Untyped              ;
; CLK0_PHASE_SHIFT              ; 0                           ; Untyped              ;
; CLK5_TIME_DELAY               ; 0                           ; Untyped              ;
; CLK4_TIME_DELAY               ; 0                           ; Untyped              ;
; CLK3_TIME_DELAY               ; 0                           ; Untyped              ;
; CLK2_TIME_DELAY               ; 0                           ; Untyped              ;
; CLK1_TIME_DELAY               ; 0                           ; Untyped              ;
; CLK0_TIME_DELAY               ; 0                           ; Untyped              ;
; CLK9_DUTY_CYCLE               ; 50                          ; Untyped              ;
; CLK8_DUTY_CYCLE               ; 50                          ; Untyped              ;
; CLK7_DUTY_CYCLE               ; 50                          ; Untyped              ;
; CLK6_DUTY_CYCLE               ; 50                          ; Untyped              ;
; CLK5_DUTY_CYCLE               ; 50                          ; Untyped              ;
; CLK4_DUTY_CYCLE               ; 50                          ; Untyped              ;
; CLK3_DUTY_CYCLE               ; 50                          ; Untyped              ;
; CLK2_DUTY_CYCLE               ; 50                          ; Untyped              ;
; CLK1_DUTY_CYCLE               ; 50                          ; Untyped              ;
; CLK0_DUTY_CYCLE               ; 50                          ; Signed Integer       ;
; CLK9_USE_EVEN_COUNTER_MODE    ; OFF                         ; Untyped              ;
; CLK8_USE_EVEN_COUNTER_MODE    ; OFF                         ; Untyped              ;
; CLK7_USE_EVEN_COUNTER_MODE    ; OFF                         ; Untyped              ;
; CLK6_USE_EVEN_COUNTER_MODE    ; OFF                         ; Untyped              ;
; CLK5_USE_EVEN_COUNTER_MODE    ; OFF                         ; Untyped              ;
; CLK4_USE_EVEN_COUNTER_MODE    ; OFF                         ; Untyped              ;
; CLK3_USE_EVEN_COUNTER_MODE    ; OFF                         ; Untyped              ;
; CLK2_USE_EVEN_COUNTER_MODE    ; OFF                         ; Untyped              ;
; CLK1_USE_EVEN_COUNTER_MODE    ; OFF                         ; Untyped              ;
; CLK0_USE_EVEN_COUNTER_MODE    ; OFF                         ; Untyped              ;
; CLK9_USE_EVEN_COUNTER_VALUE   ; OFF                         ; Untyped              ;
; CLK8_USE_EVEN_COUNTER_VALUE   ; OFF                         ; Untyped              ;
; CLK7_USE_EVEN_COUNTER_VALUE   ; OFF                         ; Untyped              ;
; CLK6_USE_EVEN_COUNTER_VALUE   ; OFF                         ; Untyped              ;
; CLK5_USE_EVEN_COUNTER_VALUE   ; OFF                         ; Untyped              ;
; CLK4_USE_EVEN_COUNTER_VALUE   ; OFF                         ; Untyped              ;
; CLK3_USE_EVEN_COUNTER_VALUE   ; OFF                         ; Untyped              ;
; CLK2_USE_EVEN_COUNTER_VALUE   ; OFF                         ; Untyped              ;
; CLK1_USE_EVEN_COUNTER_VALUE   ; OFF                         ; Untyped              ;
; CLK0_USE_EVEN_COUNTER_VALUE   ; OFF                         ; Untyped              ;
; LOCK_WINDOW_UI                ;  0.05                       ; Untyped              ;
; LOCK_WINDOW_UI_BITS           ; UNUSED                      ; Untyped              ;
; VCO_RANGE_DETECTOR_LOW_BITS   ; UNUSED                      ; Untyped              ;
; VCO_RANGE_DETECTOR_HIGH_BITS  ; UNUSED                      ; Untyped              ;
; DPA_MULTIPLY_BY               ; 0                           ; Untyped              ;
; DPA_DIVIDE_BY                 ; 1                           ; Untyped              ;
; DPA_DIVIDER                   ; 0                           ; Untyped              ;
; EXTCLK3_MULTIPLY_BY           ; 1                           ; Untyped              ;
; EXTCLK2_MULTIPLY_BY           ; 1                           ; Untyped              ;
; EXTCLK1_MULTIPLY_BY           ; 1                           ; Untyped              ;
; EXTCLK0_MULTIPLY_BY           ; 1                           ; Untyped              ;
; EXTCLK3_DIVIDE_BY             ; 1                           ; Untyped              ;
; EXTCLK2_DIVIDE_BY             ; 1                           ; Untyped              ;
; EXTCLK1_DIVIDE_BY             ; 1                           ; Untyped              ;
; EXTCLK0_DIVIDE_BY             ; 1                           ; Untyped              ;
; EXTCLK3_PHASE_SHIFT           ; 0                           ; Untyped              ;
; EXTCLK2_PHASE_SHIFT           ; 0                           ; Untyped              ;
; EXTCLK1_PHASE_SHIFT           ; 0                           ; Untyped              ;
; EXTCLK0_PHASE_SHIFT           ; 0                           ; Untyped              ;
; EXTCLK3_TIME_DELAY            ; 0                           ; Untyped              ;
; EXTCLK2_TIME_DELAY            ; 0                           ; Untyped              ;
; EXTCLK1_TIME_DELAY            ; 0                           ; Untyped              ;
; EXTCLK0_TIME_DELAY            ; 0                           ; Untyped              ;
; EXTCLK3_DUTY_CYCLE            ; 50                          ; Untyped              ;
; EXTCLK2_DUTY_CYCLE            ; 50                          ; Untyped              ;
; EXTCLK1_DUTY_CYCLE            ; 50                          ; Untyped              ;
; EXTCLK0_DUTY_CYCLE            ; 50                          ; Untyped              ;
; VCO_MULTIPLY_BY               ; 0                           ; Untyped              ;
; VCO_DIVIDE_BY                 ; 0                           ; Untyped              ;
; SCLKOUT0_PHASE_SHIFT          ; 0                           ; Untyped              ;
; SCLKOUT1_PHASE_SHIFT          ; 0                           ; Untyped              ;
; VCO_MIN                       ; 0                           ; Untyped              ;
; VCO_MAX                       ; 0                           ; Untyped              ;
; VCO_CENTER                    ; 0                           ; Untyped              ;
; PFD_MIN                       ; 0                           ; Untyped              ;
; PFD_MAX                       ; 0                           ; Untyped              ;
; M_INITIAL                     ; 0                           ; Untyped              ;
; M                             ; 0                           ; Untyped              ;
; N                             ; 1                           ; Untyped              ;
; M2                            ; 1                           ; Untyped              ;
; N2                            ; 1                           ; Untyped              ;
; SS                            ; 1                           ; Untyped              ;
; C0_HIGH                       ; 0                           ; Untyped              ;
; C1_HIGH                       ; 0                           ; Untyped              ;
; C2_HIGH                       ; 0                           ; Untyped              ;
; C3_HIGH                       ; 0                           ; Untyped              ;
; C4_HIGH                       ; 0                           ; Untyped              ;
; C5_HIGH                       ; 0                           ; Untyped              ;
; C6_HIGH                       ; 0                           ; Untyped              ;
; C7_HIGH                       ; 0                           ; Untyped              ;
; C8_HIGH                       ; 0                           ; Untyped              ;
; C9_HIGH                       ; 0                           ; Untyped              ;
; C0_LOW                        ; 0                           ; Untyped              ;
; C1_LOW                        ; 0                           ; Untyped              ;
; C2_LOW                        ; 0                           ; Untyped              ;
; C3_LOW                        ; 0                           ; Untyped              ;
; C4_LOW                        ; 0                           ; Untyped              ;
; C5_LOW                        ; 0                           ; Untyped              ;
; C6_LOW                        ; 0                           ; Untyped              ;
; C7_LOW                        ; 0                           ; Untyped              ;
; C8_LOW                        ; 0                           ; Untyped              ;
; C9_LOW                        ; 0                           ; Untyped              ;
; C0_INITIAL                    ; 0                           ; Untyped              ;
; C1_INITIAL                    ; 0                           ; Untyped              ;
; C2_INITIAL                    ; 0                           ; Untyped              ;
; C3_INITIAL                    ; 0                           ; Untyped              ;
; C4_INITIAL                    ; 0                           ; Untyped              ;
; C5_INITIAL                    ; 0                           ; Untyped              ;
; C6_INITIAL                    ; 0                           ; Untyped              ;
; C7_INITIAL                    ; 0                           ; Untyped              ;
; C8_INITIAL                    ; 0                           ; Untyped              ;
; C9_INITIAL                    ; 0                           ; Untyped              ;
; C0_MODE                       ; BYPASS                      ; Untyped              ;
; C1_MODE                       ; BYPASS                      ; Untyped              ;
; C2_MODE                       ; BYPASS                      ; Untyped              ;
; C3_MODE                       ; BYPASS                      ; Untyped              ;
; C4_MODE                       ; BYPASS                      ; Untyped              ;
; C5_MODE                       ; BYPASS                      ; Untyped              ;
; C6_MODE                       ; BYPASS                      ; Untyped              ;
; C7_MODE                       ; BYPASS                      ; Untyped              ;
; C8_MODE                       ; BYPASS                      ; Untyped              ;
; C9_MODE                       ; BYPASS                      ; Untyped              ;
; C0_PH                         ; 0                           ; Untyped              ;
; C1_PH                         ; 0                           ; Untyped              ;
; C2_PH                         ; 0                           ; Untyped              ;
; C3_PH                         ; 0                           ; Untyped              ;
; C4_PH                         ; 0                           ; Untyped              ;
; C5_PH                         ; 0                           ; Untyped              ;
; C6_PH                         ; 0                           ; Untyped              ;
; C7_PH                         ; 0                           ; Untyped              ;
; C8_PH                         ; 0                           ; Untyped              ;
; C9_PH                         ; 0                           ; Untyped              ;
; L0_HIGH                       ; 1                           ; Untyped              ;
; L1_HIGH                       ; 1                           ; Untyped              ;
; G0_HIGH                       ; 1                           ; Untyped              ;
; G1_HIGH                       ; 1                           ; Untyped              ;
; G2_HIGH                       ; 1                           ; Untyped              ;
; G3_HIGH                       ; 1                           ; Untyped              ;
; E0_HIGH                       ; 1                           ; Untyped              ;
; E1_HIGH                       ; 1                           ; Untyped              ;
; E2_HIGH                       ; 1                           ; Untyped              ;
; E3_HIGH                       ; 1                           ; Untyped              ;
; L0_LOW                        ; 1                           ; Untyped              ;
; L1_LOW                        ; 1                           ; Untyped              ;
; G0_LOW                        ; 1                           ; Untyped              ;
; G1_LOW                        ; 1                           ; Untyped              ;
; G2_LOW                        ; 1                           ; Untyped              ;
; G3_LOW                        ; 1                           ; Untyped              ;
; E0_LOW                        ; 1                           ; Untyped              ;
; E1_LOW                        ; 1                           ; Untyped              ;
; E2_LOW                        ; 1                           ; Untyped              ;
; E3_LOW                        ; 1                           ; Untyped              ;
; L0_INITIAL                    ; 1                           ; Untyped              ;
; L1_INITIAL                    ; 1                           ; Untyped              ;
; G0_INITIAL                    ; 1                           ; Untyped              ;
; G1_INITIAL                    ; 1                           ; Untyped              ;
; G2_INITIAL                    ; 1                           ; Untyped              ;
; G3_INITIAL                    ; 1                           ; Untyped              ;
; E0_INITIAL                    ; 1                           ; Untyped              ;
; E1_INITIAL                    ; 1                           ; Untyped              ;
; E2_INITIAL                    ; 1                           ; Untyped              ;
; E3_INITIAL                    ; 1                           ; Untyped              ;
; L0_MODE                       ; BYPASS                      ; Untyped              ;
; L1_MODE                       ; BYPASS                      ; Untyped              ;
; G0_MODE                       ; BYPASS                      ; Untyped              ;
; G1_MODE                       ; BYPASS                      ; Untyped              ;
; G2_MODE                       ; BYPASS                      ; Untyped              ;
; G3_MODE                       ; BYPASS                      ; Untyped              ;
; E0_MODE                       ; BYPASS                      ; Untyped              ;
; E1_MODE                       ; BYPASS                      ; Untyped              ;
; E2_MODE                       ; BYPASS                      ; Untyped              ;
; E3_MODE                       ; BYPASS                      ; Untyped              ;
; L0_PH                         ; 0                           ; Untyped              ;
; L1_PH                         ; 0                           ; Untyped              ;
; G0_PH                         ; 0                           ; Untyped              ;
; G1_PH                         ; 0                           ; Untyped              ;
; G2_PH                         ; 0                           ; Untyped              ;
; G3_PH                         ; 0                           ; Untyped              ;
; E0_PH                         ; 0                           ; Untyped              ;
; E1_PH                         ; 0                           ; Untyped              ;
; E2_PH                         ; 0                           ; Untyped              ;
; E3_PH                         ; 0                           ; Untyped              ;
; M_PH                          ; 0                           ; Untyped              ;
; C1_USE_CASC_IN                ; OFF                         ; Untyped              ;
; C2_USE_CASC_IN                ; OFF                         ; Untyped              ;
; C3_USE_CASC_IN                ; OFF                         ; Untyped              ;
; C4_USE_CASC_IN                ; OFF                         ; Untyped              ;
; C5_USE_CASC_IN                ; OFF                         ; Untyped              ;
; C6_USE_CASC_IN                ; OFF                         ; Untyped              ;
; C7_USE_CASC_IN                ; OFF                         ; Untyped              ;
; C8_USE_CASC_IN                ; OFF                         ; Untyped              ;
; C9_USE_CASC_IN                ; OFF                         ; Untyped              ;
; CLK0_COUNTER                  ; G0                          ; Untyped              ;
; CLK1_COUNTER                  ; G0                          ; Untyped              ;
; CLK2_COUNTER                  ; G0                          ; Untyped              ;
; CLK3_COUNTER                  ; G0                          ; Untyped              ;
; CLK4_COUNTER                  ; G0                          ; Untyped              ;
; CLK5_COUNTER                  ; G0                          ; Untyped              ;
; CLK6_COUNTER                  ; E0                          ; Untyped              ;
; CLK7_COUNTER                  ; E1                          ; Untyped              ;
; CLK8_COUNTER                  ; E2                          ; Untyped              ;
; CLK9_COUNTER                  ; E3                          ; Untyped              ;
; L0_TIME_DELAY                 ; 0                           ; Untyped              ;
; L1_TIME_DELAY                 ; 0                           ; Untyped              ;
; G0_TIME_DELAY                 ; 0                           ; Untyped              ;
; G1_TIME_DELAY                 ; 0                           ; Untyped              ;
; G2_TIME_DELAY                 ; 0                           ; Untyped              ;
; G3_TIME_DELAY                 ; 0                           ; Untyped              ;
; E0_TIME_DELAY                 ; 0                           ; Untyped              ;
; E1_TIME_DELAY                 ; 0                           ; Untyped              ;
; E2_TIME_DELAY                 ; 0                           ; Untyped              ;
; E3_TIME_DELAY                 ; 0                           ; Untyped              ;
; M_TIME_DELAY                  ; 0                           ; Untyped              ;
; N_TIME_DELAY                  ; 0                           ; Untyped              ;
; EXTCLK3_COUNTER               ; E3                          ; Untyped              ;
; EXTCLK2_COUNTER               ; E2                          ; Untyped              ;
; EXTCLK1_COUNTER               ; E1                          ; Untyped              ;
; EXTCLK0_COUNTER               ; E0                          ; Untyped              ;
; ENABLE0_COUNTER               ; L0                          ; Untyped              ;
; ENABLE1_COUNTER               ; L0                          ; Untyped              ;
; CHARGE_PUMP_CURRENT           ; 2                           ; Untyped              ;
; LOOP_FILTER_R                 ;  1.000000                   ; Untyped              ;
; LOOP_FILTER_C                 ; 5                           ; Untyped              ;
; CHARGE_PUMP_CURRENT_BITS      ; 9999                        ; Untyped              ;
; LOOP_FILTER_R_BITS            ; 9999                        ; Untyped              ;
; LOOP_FILTER_C_BITS            ; 9999                        ; Untyped              ;
; VCO_POST_SCALE                ; 0                           ; Untyped              ;
; CLK2_OUTPUT_FREQUENCY         ; 0                           ; Untyped              ;
; CLK1_OUTPUT_FREQUENCY         ; 0                           ; Untyped              ;
; CLK0_OUTPUT_FREQUENCY         ; 0                           ; Untyped              ;
; INTENDED_DEVICE_FAMILY        ; MAX 10                      ; Untyped              ;
; PORT_CLKENA0                  ; PORT_UNUSED                 ; Untyped              ;
; PORT_CLKENA1                  ; PORT_UNUSED                 ; Untyped              ;
; PORT_CLKENA2                  ; PORT_UNUSED                 ; Untyped              ;
; PORT_CLKENA3                  ; PORT_UNUSED                 ; Untyped              ;
; PORT_CLKENA4                  ; PORT_UNUSED                 ; Untyped              ;
; PORT_CLKENA5                  ; PORT_UNUSED                 ; Untyped              ;
; PORT_EXTCLKENA0               ; PORT_CONNECTIVITY           ; Untyped              ;
; PORT_EXTCLKENA1               ; PORT_CONNECTIVITY           ; Untyped              ;
; PORT_EXTCLKENA2               ; PORT_CONNECTIVITY           ; Untyped              ;
; PORT_EXTCLKENA3               ; PORT_CONNECTIVITY           ; Untyped              ;
; PORT_EXTCLK0                  ; PORT_UNUSED                 ; Untyped              ;
; PORT_EXTCLK1                  ; PORT_UNUSED                 ; Untyped              ;
; PORT_EXTCLK2                  ; PORT_UNUSED                 ; Untyped              ;
; PORT_EXTCLK3                  ; PORT_UNUSED                 ; Untyped              ;
; PORT_CLKBAD0                  ; PORT_UNUSED                 ; Untyped              ;
; PORT_CLKBAD1                  ; PORT_UNUSED                 ; Untyped              ;
; PORT_CLK0                     ; PORT_USED                   ; Untyped              ;
; PORT_CLK1                     ; PORT_UNUSED                 ; Untyped              ;
; PORT_CLK2                     ; PORT_UNUSED                 ; Untyped              ;
; PORT_CLK3                     ; PORT_UNUSED                 ; Untyped              ;
; PORT_CLK4                     ; PORT_UNUSED                 ; Untyped              ;
; PORT_CLK5                     ; PORT_UNUSED                 ; Untyped              ;
; PORT_CLK6                     ; PORT_UNUSED                 ; Untyped              ;
; PORT_CLK7                     ; PORT_UNUSED                 ; Untyped              ;
; PORT_CLK8                     ; PORT_UNUSED                 ; Untyped              ;
; PORT_CLK9                     ; PORT_UNUSED                 ; Untyped              ;
; PORT_SCANDATA                 ; PORT_UNUSED                 ; Untyped              ;
; PORT_SCANDATAOUT              ; PORT_UNUSED                 ; Untyped              ;
; PORT_SCANDONE                 ; PORT_UNUSED                 ; Untyped              ;
; PORT_SCLKOUT1                 ; PORT_CONNECTIVITY           ; Untyped              ;
; PORT_SCLKOUT0                 ; PORT_CONNECTIVITY           ; Untyped              ;
; PORT_ACTIVECLOCK              ; PORT_UNUSED                 ; Untyped              ;
; PORT_CLKLOSS                  ; PORT_UNUSED                 ; Untyped              ;
; PORT_INCLK1                   ; PORT_UNUSED                 ; Untyped              ;
; PORT_INCLK0                   ; PORT_USED                   ; Untyped              ;
; PORT_FBIN                     ; PORT_UNUSED                 ; Untyped              ;
; PORT_PLLENA                   ; PORT_UNUSED                 ; Untyped              ;
; PORT_CLKSWITCH                ; PORT_UNUSED                 ; Untyped              ;
; PORT_ARESET                   ; PORT_UNUSED                 ; Untyped              ;
; PORT_PFDENA                   ; PORT_UNUSED                 ; Untyped              ;
; PORT_SCANCLK                  ; PORT_UNUSED                 ; Untyped              ;
; PORT_SCANACLR                 ; PORT_UNUSED                 ; Untyped              ;
; PORT_SCANREAD                 ; PORT_UNUSED                 ; Untyped              ;
; PORT_SCANWRITE                ; PORT_UNUSED                 ; Untyped              ;
; PORT_ENABLE0                  ; PORT_CONNECTIVITY           ; Untyped              ;
; PORT_ENABLE1                  ; PORT_CONNECTIVITY           ; Untyped              ;
; PORT_LOCKED                   ; PORT_USED                   ; Untyped              ;
; PORT_CONFIGUPDATE             ; PORT_UNUSED                 ; Untyped              ;
; PORT_FBOUT                    ; PORT_CONNECTIVITY           ; Untyped              ;
; PORT_PHASEDONE                ; PORT_UNUSED                 ; Untyped              ;
; PORT_PHASESTEP                ; PORT_UNUSED                 ; Untyped              ;
; PORT_PHASEUPDOWN              ; PORT_UNUSED                 ; Untyped              ;
; PORT_SCANCLKENA               ; PORT_UNUSED                 ; Untyped              ;
; PORT_PHASECOUNTERSELECT       ; PORT_UNUSED                 ; Untyped              ;
; PORT_VCOOVERRANGE             ; PORT_CONNECTIVITY           ; Untyped              ;
; PORT_VCOUNDERRANGE            ; PORT_CONNECTIVITY           ; Untyped              ;
; M_TEST_SOURCE                 ; 5                           ; Untyped              ;
; C0_TEST_SOURCE                ; 5                           ; Untyped              ;
; C1_TEST_SOURCE                ; 5                           ; Untyped              ;
; C2_TEST_SOURCE                ; 5                           ; Untyped              ;
; C3_TEST_SOURCE                ; 5                           ; Untyped              ;
; C4_TEST_SOURCE                ; 5                           ; Untyped              ;
; C5_TEST_SOURCE                ; 5                           ; Untyped              ;
; C6_TEST_SOURCE                ; 5                           ; Untyped              ;
; C7_TEST_SOURCE                ; 5                           ; Untyped              ;
; C8_TEST_SOURCE                ; 5                           ; Untyped              ;
; C9_TEST_SOURCE                ; 5                           ; Untyped              ;
; CBXI_PARAMETER                ; pixel_pll_altpll            ; Untyped              ;
; VCO_FREQUENCY_CONTROL         ; AUTO                        ; Untyped              ;
; VCO_PHASE_SHIFT_STEP          ; 0                           ; Untyped              ;
; WIDTH_CLOCK                   ; 5                           ; Signed Integer       ;
; WIDTH_PHASECOUNTERSELECT      ; 4                           ; Untyped              ;
; USING_FBMIMICBIDIR_PORT       ; OFF                         ; Untyped              ;
; DEVICE_FAMILY                 ; MAX 10                      ; Untyped              ;
; SCAN_CHAIN_MIF_FILE           ; UNUSED                      ; Untyped              ;
; SIM_GATE_LOCK_DEVICE_BEHAVIOR ; OFF                         ; Untyped              ;
; AUTO_CARRY_CHAINS             ; ON                          ; AUTO_CARRY           ;
; IGNORE_CARRY_BUFFERS          ; OFF                         ; IGNORE_CARRY         ;
; AUTO_CASCADE_CHAINS           ; ON                          ; AUTO_CASCADE         ;
; IGNORE_CASCADE_BUFFERS        ; OFF                         ; IGNORE_CASCADE       ;
+-------------------------------+-----------------------------+----------------------+
Note: In order to hide this table in the UI and the text report file, please set the "Show Parameter Settings in Synthesis Report" option in "Analysis and Synthesis Settings -> More Settings" to "Off".


+------------------------------------------------------------------------------------------------+
; Parameter Settings for User Entity Instance: screen_rom:screen|altsyncram:altsyncram_component ;
+------------------------------------+-------------------------------+---------------------------+
; Parameter Name                     ; Value                         ; Type                      ;
+------------------------------------+-------------------------------+---------------------------+
; BYTE_SIZE_BLOCK                    ; 8                             ; Untyped                   ;
; AUTO_CARRY_CHAINS                  ; ON                            ; AUTO_CARRY                ;
; IGNORE_CARRY_BUFFERS               ; OFF                           ; IGNORE_CARRY              ;
; AUTO_CASCADE_CHAINS                ; ON                            ; AUTO_CASCADE              ;
; IGNORE_CASCADE_BUFFERS             ; OFF                           ; IGNORE_CASCADE            ;
; WIDTH_BYTEENA                      ; 1                             ; Untyped                   ;
; OPERATION_MODE                     ; ROM                           ; Untyped                   ;
; WIDTH_A                            ; 8                             ; Signed Integer            ;
; WIDTHAD_A                          ; 16                            ; Signed Integer            ;
; NUMWORDS_A                         ; 40000                         ; Signed Integer            ;
; OUTDATA_REG_A                      ; CLOCK0                        ; Untyped                   ;
; ADDRESS_ACLR_A                     ; NONE                          ; Untyped                   ;
; OUTDATA_ACLR_A                     ; NONE                          ; Untyped                   ;
; WRCONTROL_ACLR_A                   ; NONE                          ; Untyped                   ;
; INDATA_ACLR_A                      ; NONE                          ; Untyped                   ;
; BYTEENA_ACLR_A                     ; NONE                          ; Untyped                   ;
; WIDTH_B                            ; 1                             ; Untyped                   ;
; WIDTHAD_B                          ; 1                             ; Untyped                   ;
; NUMWORDS_B                         ; 1                             ; Untyped                   ;
; INDATA_REG_B                       ; CLOCK1                        ; Untyped                   ;
; WRCONTROL_WRADDRESS_REG_B          ; CLOCK1                        ; Untyped                   ;
; RDCONTROL_REG_B                    ; CLOCK1                        ; Untyped                   ;
; ADDRESS_REG_B                      ; CLOCK1                        ; Untyped                   ;
; OUTDATA_REG_B                      ; UNREGISTERED                  ; Untyped                   ;
; BYTEENA_REG_B                      ; CLOCK1                        ; Untyped                   ;
; INDATA_ACLR_B                      ; NONE                          ; Untyped                   ;
; WRCONTROL_ACLR_B                   ; NONE                          ; Untyped                   ;
; ADDRESS_ACLR_B                     ; NONE                          ; Untyped                   ;
; OUTDATA_ACLR_B                     ; NONE                          ; Untyped                   ;
; RDCONTROL_ACLR_B                   ; NONE                          ; Untyped                   ;
; BYTEENA_ACLR_B                     ; NONE                          ; Untyped                   ;
; WIDTH_BYTEENA_A                    ; 1                             ; Signed Integer            ;
; WIDTH_BYTEENA_B                    ; 1                             ; Untyped                   ;
; RAM_BLOCK_TYPE                     ; AUTO                          ; Untyped                   ;
; BYTE_SIZE                          ; 8                             ; Untyped                   ;
; READ_DURING_WRITE_MODE_MIXED_PORTS ; DONT_CARE                     ; Untyped                   ;
; READ_DURING_WRITE_MODE_PORT_A      ; NEW_DATA_NO_NBE_READ          ; Untyped                   ;
; READ_DURING_WRITE_MODE_PORT_B      ; NEW_DATA_NO_NBE_READ          ; Untyped                   ;
; INIT_FILE                          ; ../../python/vga_fpga/out.hex ; Untyped                   ;
; INIT_FILE_LAYOUT                   ; PORT_A                        ; Untyped                   ;
; MAXIMUM_DEPTH                      ; 0                             ; Untyped                   ;
; CLOCK_ENABLE_INPUT_A               ; BYPASS                        ; Untyped                   ;
; CLOCK_ENABLE_INPUT_B               ; NORMAL                        ; Untyped                   ;
; CLOCK_ENABLE_OUTPUT_A              ; BYPASS                        ; Untyped                   ;
; CLOCK_ENABLE_OUTPUT_B              ; NORMAL                        ; Untyped                   ;
; CLOCK_ENABLE_CORE_A                ; USE_INPUT_CLKEN               ; Untyped                   ;
; CLOCK_ENABLE_CORE_B                ; USE_INPUT_CLKEN               ; Untyped                   ;
; ENABLE_ECC                         ; FALSE                         ; Untyped                   ;
; ECC_PIPELINE_STAGE_ENABLED         ; FALSE                         ; Untyped                   ;
; WIDTH_ECCSTATUS                    ; 3                             ; Untyped                   ;
; DEVICE_FAMILY                      ; MAX 10                        ; Untyped                   ;
; CBXI_PARAMETER                     ; altsyncram_e8a1               ; Untyped                   ;
+------------------------------------+-------------------------------+---------------------------+
Note: In order to hide this table in the UI and the text report file, please set the "Show Parameter Settings in Synthesis Report" option in "Analysis and Synthesis Settings -> More Settings" to "Off".


+-----------------------------------------------------------------------+
; altpll Parameter Settings by Entity Instance                          ;
+-------------------------------+---------------------------------------+
; Name                          ; Value                                 ;
+-------------------------------+---------------------------------------+
; Number of entity instances    ; 1                                     ;
; Entity Instance               ; pixel_pll:pll|altpll:altpll_component ;
;     -- OPERATION_MODE         ; NORMAL                                ;
;     -- PLL_TYPE               ; AUTO                                  ;
;     -- PRIMARY_CLOCK          ; INCLK0                                ;
;     -- INCLK0_INPUT_FREQUENCY ; 83333                                 ;
;     -- INCLK1_INPUT_FREQUENCY ; 0                                     ;
;     -- VCO_MULTIPLY_BY        ; 0                                     ;
;     -- VCO_DIVIDE_BY          ; 0                                     ;
+-------------------------------+---------------------------------------+


+-----------------------------------------------------------------------------------------------+
; altsyncram Parameter Settings by Entity Instance                                              ;
+-------------------------------------------+---------------------------------------------------+
; Name                                      ; Value                                             ;
+-------------------------------------------+---------------------------------------------------+
; Number of entity instances                ; 1                                                 ;
; Entity Instance                           ; screen_rom:screen|altsyncram:altsyncram_component ;
;     -- OPERATION_MODE                     ; ROM                                               ;
;     -- WIDTH_A                            ; 8                                                 ;
;     -- NUMWORDS_A                         ; 40000                                             ;
;     -- OUTDATA_REG_A                      ; CLOCK0                                            ;
;     -- WIDTH_B                            ; 1                                                 ;
;     -- NUMWORDS_B                         ; 1                                                 ;
;     -- ADDRESS_REG_B                      ; CLOCK1                                            ;
;     -- OUTDATA_REG_B                      ; UNREGISTERED                                      ;
;     -- RAM_BLOCK_TYPE                     ; AUTO                                              ;
;     -- READ_DURING_WRITE_MODE_MIXED_PORTS ; DONT_CARE                                         ;
+-------------------------------------------+---------------------------------------------------+


+------------------------------------------------------------------------------------------------------------------------------------------------------------------------------------------------------------------+
; Port Connectivity Checks: "screen_rom:screen"                                                                                                                                                                    ;
+---------+-------+----------+-------------------------------------------------------------------------------------------------------------------------------------------------------------------------------------+
; Port    ; Type  ; Severity ; Details                                                                                                                                                                             ;
+---------+-------+----------+-------------------------------------------------------------------------------------------------------------------------------------------------------------------------------------+
; address ; Input ; Warning  ; Input port expression (33 bits) is wider than the input port (16 bits) it drives.  The 17 most-significant bit(s) in the expression will be dangling if they have no other fanouts. ;
+---------+-------+----------+-------------------------------------------------------------------------------------------------------------------------------------------------------------------------------------+


+---------------------------------------------------------------------------------------------------------------------------------------+
; Port Connectivity Checks: "pixel_pll:pll"                                                                                             ;
+--------+--------+----------+----------------------------------------------------------------------------------------------------------+
; Port   ; Type   ; Severity ; Details                                                                                                  ;
+--------+--------+----------+----------------------------------------------------------------------------------------------------------+
; locked ; Output ; Warning  ; Declared by entity but not connected by instance. Logic that only feeds a dangling port will be removed. ;
+--------+--------+----------+----------------------------------------------------------------------------------------------------------+


+-----------------------------------------------------+
; Post-Synthesis Netlist Statistics for Top Partition ;
+-----------------------+-----------------------------+
; Type                  ; Count                       ;
+-----------------------+-----------------------------+
; boundary_port         ; 6                           ;
; cycloneiii_ff         ; 72                          ;
;     ENA               ; 5                           ;
;     SCLR              ; 33                          ;
;     plain             ; 34                          ;
; cycloneiii_lcell_comb ; 203                         ;
;     arith             ; 97                          ;
;         2 data inputs ; 77                          ;
;         3 data inputs ; 20                          ;
;     normal            ; 106                         ;
;         1 data inputs ; 3                           ;
;         2 data inputs ; 9                           ;
;         3 data inputs ; 40                          ;
;         4 data inputs ; 54                          ;
; cycloneiii_pll        ; 1                           ;
; cycloneiii_ram_block  ; 40                          ;
;                       ;                             ;
; Max LUT depth         ; 7.00                        ;
; Average LUT depth     ; 4.45                        ;
+-----------------------+-----------------------------+


+-------------------------------+
; Elapsed Time Per Partition    ;
+----------------+--------------+
; Partition Name ; Elapsed Time ;
+----------------+--------------+
; Top            ; 00:00:00     ;
+----------------+--------------+


+-------------------------------+
; Analysis & Synthesis Messages ;
+-------------------------------+
Info: *******************************************************************
Info: Running Quartus Prime Analysis & Synthesis
    Info: Version 19.1.0 Build 670 09/22/2019 SJ Lite Edition
    Info: Processing started: Tue Mar 24 20:34:48 2020
Info: Command: quartus_map --read_settings_files=on --write_settings_files=off top -c top
Warning (18236): Number of processors has not been specified which may cause overloading on shared machines.  Set the global assignment NUM_PARALLEL_PROCESSORS in your QSF to an appropriate value for best performance.
Info (20030): Parallel compilation is enabled and will use 4 of the 4 processors detected
Info (12021): Found 1 design units, including 1 entities, in source file top.v
    Info (12023): Found entity 1: top File: /home/colin/Development/fpga/blinky/top.v Line: 3
Info (12021): Found 1 design units, including 1 entities, in source file pixel_pll.v
    Info (12023): Found entity 1: pixel_pll File: /home/colin/Development/fpga/blinky/pixel_pll.v Line: 40
Info (12021): Found 1 design units, including 1 entities, in source file screen_rom.v
    Info (12023): Found entity 1: screen_rom File: /home/colin/Development/fpga/blinky/screen_rom.v Line: 40
Info (12127): Elaborating entity "top" for the top level hierarchy
Info (12128): Elaborating entity "pixel_pll" for hierarchy "pixel_pll:pll" File: /home/colin/Development/fpga/blinky/top.v Line: 31
Info (12128): Elaborating entity "altpll" for hierarchy "pixel_pll:pll|altpll:altpll_component" File: /home/colin/Development/fpga/blinky/pixel_pll.v Line: 95
Info (12130): Elaborated megafunction instantiation "pixel_pll:pll|altpll:altpll_component" File: /home/colin/Development/fpga/blinky/pixel_pll.v Line: 95
Info (12133): Instantiated megafunction "pixel_pll:pll|altpll:altpll_component" with the following parameter: File: /home/colin/Development/fpga/blinky/pixel_pll.v Line: 95
    Info (12134): Parameter "bandwidth_type" = "AUTO"
    Info (12134): Parameter "clk0_divide_by" = "480"
    Info (12134): Parameter "clk0_duty_cycle" = "50"
    Info (12134): Parameter "clk0_multiply_by" = "1007"
    Info (12134): Parameter "clk0_phase_shift" = "0"
    Info (12134): Parameter "compensate_clock" = "CLK0"
    Info (12134): Parameter "inclk0_input_frequency" = "83333"
    Info (12134): Parameter "intended_device_family" = "MAX 10"
    Info (12134): Parameter "lpm_hint" = "CBX_MODULE_PREFIX=pixel_pll"
    Info (12134): Parameter "lpm_type" = "altpll"
    Info (12134): Parameter "operation_mode" = "NORMAL"
    Info (12134): Parameter "pll_type" = "AUTO"
    Info (12134): Parameter "port_activeclock" = "PORT_UNUSED"
    Info (12134): Parameter "port_areset" = "PORT_UNUSED"
    Info (12134): Parameter "port_clkbad0" = "PORT_UNUSED"
    Info (12134): Parameter "port_clkbad1" = "PORT_UNUSED"
    Info (12134): Parameter "port_clkloss" = "PORT_UNUSED"
    Info (12134): Parameter "port_clkswitch" = "PORT_UNUSED"
    Info (12134): Parameter "port_configupdate" = "PORT_UNUSED"
    Info (12134): Parameter "port_fbin" = "PORT_UNUSED"
    Info (12134): Parameter "port_inclk0" = "PORT_USED"
    Info (12134): Parameter "port_inclk1" = "PORT_UNUSED"
    Info (12134): Parameter "port_locked" = "PORT_USED"
    Info (12134): Parameter "port_pfdena" = "PORT_UNUSED"
    Info (12134): Parameter "port_phasecounterselect" = "PORT_UNUSED"
    Info (12134): Parameter "port_phasedone" = "PORT_UNUSED"
    Info (12134): Parameter "port_phasestep" = "PORT_UNUSED"
    Info (12134): Parameter "port_phaseupdown" = "PORT_UNUSED"
    Info (12134): Parameter "port_pllena" = "PORT_UNUSED"
    Info (12134): Parameter "port_scanaclr" = "PORT_UNUSED"
    Info (12134): Parameter "port_scanclk" = "PORT_UNUSED"
    Info (12134): Parameter "port_scanclkena" = "PORT_UNUSED"
    Info (12134): Parameter "port_scandata" = "PORT_UNUSED"
    Info (12134): Parameter "port_scandataout" = "PORT_UNUSED"
    Info (12134): Parameter "port_scandone" = "PORT_UNUSED"
    Info (12134): Parameter "port_scanread" = "PORT_UNUSED"
    Info (12134): Parameter "port_scanwrite" = "PORT_UNUSED"
    Info (12134): Parameter "port_clk0" = "PORT_USED"
    Info (12134): Parameter "port_clk1" = "PORT_UNUSED"
    Info (12134): Parameter "port_clk2" = "PORT_UNUSED"
    Info (12134): Parameter "port_clk3" = "PORT_UNUSED"
    Info (12134): Parameter "port_clk4" = "PORT_UNUSED"
    Info (12134): Parameter "port_clk5" = "PORT_UNUSED"
    Info (12134): Parameter "port_clkena0" = "PORT_UNUSED"
    Info (12134): Parameter "port_clkena1" = "PORT_UNUSED"
    Info (12134): Parameter "port_clkena2" = "PORT_UNUSED"
    Info (12134): Parameter "port_clkena3" = "PORT_UNUSED"
    Info (12134): Parameter "port_clkena4" = "PORT_UNUSED"
    Info (12134): Parameter "port_clkena5" = "PORT_UNUSED"
    Info (12134): Parameter "port_extclk0" = "PORT_UNUSED"
    Info (12134): Parameter "port_extclk1" = "PORT_UNUSED"
    Info (12134): Parameter "port_extclk2" = "PORT_UNUSED"
    Info (12134): Parameter "port_extclk3" = "PORT_UNUSED"
    Info (12134): Parameter "self_reset_on_loss_lock" = "OFF"
    Info (12134): Parameter "width_clock" = "5"
Info (12021): Found 1 design units, including 1 entities, in source file db/pixel_pll_altpll.v
    Info (12023): Found entity 1: pixel_pll_altpll File: /home/colin/Development/fpga/blinky/db/pixel_pll_altpll.v Line: 30
Info (12128): Elaborating entity "pixel_pll_altpll" for hierarchy "pixel_pll:pll|altpll:altpll_component|pixel_pll_altpll:auto_generated" File: /home/colin/intelFPGA_lite/19.1/quartus/libraries/megafunctions/altpll.tdf Line: 898
Info (12128): Elaborating entity "screen_rom" for hierarchy "screen_rom:screen" File: /home/colin/Development/fpga/blinky/top.v Line: 37
Info (12128): Elaborating entity "altsyncram" for hierarchy "screen_rom:screen|altsyncram:altsyncram_component" File: /home/colin/Development/fpga/blinky/screen_rom.v Line: 82
Info (12130): Elaborated megafunction instantiation "screen_rom:screen|altsyncram:altsyncram_component" File: /home/colin/Development/fpga/blinky/screen_rom.v Line: 82
Info (12133): Instantiated megafunction "screen_rom:screen|altsyncram:altsyncram_component" with the following parameter: File: /home/colin/Development/fpga/blinky/screen_rom.v Line: 82
    Info (12134): Parameter "address_aclr_a" = "NONE"
    Info (12134): Parameter "clock_enable_input_a" = "BYPASS"
    Info (12134): Parameter "clock_enable_output_a" = "BYPASS"
    Info (12134): Parameter "init_file" = "../../python/vga_fpga/out.hex"
    Info (12134): Parameter "intended_device_family" = "MAX 10"
    Info (12134): Parameter "lpm_hint" = "ENABLE_RUNTIME_MOD=NO"
    Info (12134): Parameter "lpm_type" = "altsyncram"
    Info (12134): Parameter "numwords_a" = "40000"
    Info (12134): Parameter "operation_mode" = "ROM"
    Info (12134): Parameter "outdata_aclr_a" = "NONE"
    Info (12134): Parameter "outdata_reg_a" = "CLOCK0"
    Info (12134): Parameter "widthad_a" = "16"
    Info (12134): Parameter "width_a" = "8"
    Info (12134): Parameter "width_byteena_a" = "1"
Info (12021): Found 1 design units, including 1 entities, in source file db/altsyncram_e8a1.tdf
    Info (12023): Found entity 1: altsyncram_e8a1 File: /home/colin/Development/fpga/blinky/db/altsyncram_e8a1.tdf Line: 32
Info (12128): Elaborating entity "altsyncram_e8a1" for hierarchy "screen_rom:screen|altsyncram:altsyncram_component|altsyncram_e8a1:auto_generated" File: /home/colin/intelFPGA_lite/19.1/quartus/libraries/megafunctions/altsyncram.tdf Line: 792
Critical Warning (127005): Memory depth (40000) in the design file differs from memory depth (38400) in the Memory Initialization File "/home/colin/Development/python/vga_fpga/out.hex" -- setting initial value for remaining addresses to 0 File: /home/colin/Development/fpga/blinky/screen_rom.v Line: 82
Info (12021): Found 1 design units, including 1 entities, in source file db/decode_7j9.tdf
    Info (12023): Found entity 1: decode_7j9 File: /home/colin/Development/fpga/blinky/db/decode_7j9.tdf Line: 23
Info (12128): Elaborating entity "decode_7j9" for hierarchy "screen_rom:screen|altsyncram:altsyncram_component|altsyncram_e8a1:auto_generated|decode_7j9:rden_decode" File: /home/colin/Development/fpga/blinky/db/altsyncram_e8a1.tdf Line: 41
Info (12021): Found 1 design units, including 1 entities, in source file db/mux_u1b.tdf
    Info (12023): Found entity 1: mux_u1b File: /home/colin/Development/fpga/blinky/db/mux_u1b.tdf Line: 23
Info (12128): Elaborating entity "mux_u1b" for hierarchy "screen_rom:screen|altsyncram:altsyncram_component|altsyncram_e8a1:auto_generated|mux_u1b:mux2" File: /home/colin/Development/fpga/blinky/db/altsyncram_e8a1.tdf Line: 42
Warning (12241): 2 hierarchies have connectivity warnings - see the Connectivity Checks report folder
Info (286030): Timing-Driven Synthesis is running
Info (16010): Generating hard_block partition "hard_block:auto_generated_inst"
    Info (16011): Adding 1 node(s), including 0 DDIO, 1 PLL, 0 transceiver and 0 LCELL
Info (21057): Implemented 256 device resources after synthesis - the final resource count might be different
    Info (21058): Implemented 1 input pins
    Info (21059): Implemented 5 output pins
    Info (21061): Implemented 209 logic cells
    Info (21064): Implemented 40 RAM segments
    Info (21065): Implemented 1 PLLs
Info: Quartus Prime Analysis & Synthesis was successful. 0 errors, 3 warnings
    Info: Peak virtual memory: 1225 megabytes
    Info: Processing ended: Tue Mar 24 20:34:56 2020
    Info: Elapsed time: 00:00:08
    Info: Total CPU time (on all processors): 00:00:20


